[12:38:18] [main/INFO] (FabricLoader/GameProvider) Loading Minecraft 1.20.6 with Fabric Loader 0.15.10
[12:38:19] [main/INFO] (FabricLoader) Loading 56 mods:
	- fabric-api 0.97.8+1.20.6
	- fabric-api-base 0.4.40+80f8cf51ff
	- fabric-api-lookup-api-v1 1.6.59+e9d2a72bff
	- fabric-biome-api-v1 13.0.25+be5d88beff
	- fabric-block-api-v1 1.0.20+6dfe4c9bff
	- fabric-block-view-api-v2 1.0.8+80f8cf51ff
	- fabric-blockrenderlayer-v1 1.1.50+80f8cf51ff
	- fabric-client-tags-api-v1 1.1.12+7f945d5bff
	- fabric-command-api-v1 1.2.45+f71b366fff
	- fabric-command-api-v2 2.2.24+80f8cf51ff
	- fabric-commands-v0 0.2.62+df3654b3ff
	- fabric-content-registries-v0 8.0.4+b82b2392ff
	- fabric-convention-tags-v1 2.0.3+7f945d5bff
	- fabric-convention-tags-v2 2.0.0+2b43c5c8ff
	- fabric-crash-report-info-v1 0.2.27+80f8cf51ff
	- fabric-data-attachment-api-v1 1.1.15+2a2c66b6ff
	- fabric-data-generation-api-v1 19.0.6+7f945d5bff
	- fabric-dimensions-v1 2.1.68+94793913ff
	- fabric-entity-events-v1 1.6.8+e9d2a72bff
	- fabric-events-interaction-v0 0.7.6+c5fc38b3ff
	- fabric-game-rule-api-v1 1.0.50+80f8cf51ff
	- fabric-gametest-api-v1 1.3.16+1172e897ff
	- fabric-item-api-v1 8.1.1+17e985d6ff
	- fabric-item-group-api-v1 4.0.38+aae0949aff
	- fabric-key-binding-api-v1 1.0.45+80f8cf51ff
	- fabric-keybindings-v0 0.2.43+df3654b3ff
	- fabric-lifecycle-events-v1 2.3.4+c5fc38b3ff
	- fabric-loot-api-v2 3.0.4+97f703daff
	- fabric-message-api-v1 6.0.10+109a837cff
	- fabric-model-loading-api-v1 1.0.12+80f8cf51ff
	- fabric-models-v0 0.4.11+9386d8a7ff
	- fabric-networking-api-v1 4.0.8+0dca0349ff
	- fabric-object-builder-api-v1 15.1.3+c5fc38b3ff
	- fabric-particles-v1 4.0.0+c5fc38b3ff
	- fabric-recipe-api-v1 5.0.3+c5fc38b3ff
	- fabric-registry-sync-v0 5.0.15+f1240ba7ff
	- fabric-renderer-api-v1 3.2.12+97f703daff
	- fabric-renderer-indigo 1.5.12+80f8cf51ff
	- fabric-renderer-registries-v1 3.2.61+df3654b3ff
	- fabric-rendering-data-attachment-v1 0.3.46+73761d2eff
	- fabric-rendering-fluids-v1 3.1.3+2c869dedff
	- fabric-rendering-v0 1.1.64+df3654b3ff
	- fabric-rendering-v1 4.2.4+b21c00cbff
	- fabric-resource-conditions-api-v1 4.0.1+74e2f560ff
	- fabric-resource-loader-v0 1.0.5+c5f2432cff
	- fabric-screen-api-v1 2.0.21+7b70ea8aff
	- fabric-screen-handler-api-v1 1.3.72+b21c00cbff
	- fabric-sound-api-v1 1.0.21+c5fc38b3ff
	- fabric-transfer-api-v1 5.1.6+c5fc38b3ff
	- fabric-transitive-access-wideners-v1 6.0.10+74e2f560ff
	- fabricloader 0.15.10
	- inventory 1.7.3
	- java 21
	- minecraft 1.20.6
	- mixinextras 0.3.5
	- modmenu 10.0.0-beta.1
[12:38:19] [main/INFO] (FabricLoader/Mixin) SpongePowered MIXIN Subsystem Version=0.8.5 Source=file:/C:/Users/surap/.gradle/caches/modules-2/files-2.1/net.fabricmc/sponge-mixin/0.13.3+mixin.0.8.5/9527e6b0d2449408958fd1302594dc65ec5ade9c/sponge-mixin-0.13.3+mixin.0.8.5.jar Service=Knot/Fabric Env=CLIENT
[12:38:19] [main/INFO] (FabricLoader/Mixin) Loaded Fabric development mappings for mixin remapper!
[12:38:19] [main/INFO] (FabricLoader/Mixin) Compatibility level set to JAVA_17
[12:38:23] [main/INFO] (FabricLoader/MixinExtras|Service) Initializing MixinExtras via com.llamalad7.mixinextras.service.MixinExtrasServiceImpl(version=0.3.5).
[12:38:34] [Datafixer Bootstrap/INFO] (Minecraft) 222 Datafixer optimizations took 417 milliseconds
[12:38:38] [Render thread/INFO] (Minecraft) Environment: Environment[sessionHost=https://sessionserver.mojang.com, servicesHost=https://api.minecraftservices.com, name=PROD]
[12:38:38] [Render thread/INFO] (Minecraft) Setting user: Player353
[12:38:39] [Render thread/INFO] (Indigo) [Indigo] Registering Indigo renderer!
[12:38:40] [Render thread/WARN] (FabricLoader/Mixin) @Final field LOGGER:Lorg/slf4j/Logger; in inventory.mixins.json:SimpleOptionMixin from mod inventory should be final
[12:38:40] [Render thread/INFO] (Minecraft) Backend library: LWJGL version 3.3.3-snapshot
[12:38:43] [Render thread/INFO] (Minecraft) Reloading ResourceManager: vanilla, fabric, fabric-api, fabric-api-base, fabric-api-lookup-api-v1, fabric-biome-api-v1, fabric-block-api-v1, fabric-block-view-api-v2, fabric-blockrenderlayer-v1, fabric-client-tags-api-v1, fabric-command-api-v1, fabric-command-api-v2, fabric-commands-v0, fabric-content-registries-v0, fabric-convention-tags-v1, fabric-convention-tags-v2, fabric-crash-report-info-v1, fabric-data-attachment-api-v1, fabric-data-generation-api-v1, fabric-dimensions-v1, fabric-entity-events-v1, fabric-events-interaction-v0, fabric-game-rule-api-v1, fabric-gametest-api-v1, fabric-item-api-v1, fabric-item-group-api-v1, fabric-key-binding-api-v1, fabric-keybindings-v0, fabric-lifecycle-events-v1, fabric-loot-api-v2, fabric-message-api-v1, fabric-model-loading-api-v1, fabric-models-v0, fabric-networking-api-v1, fabric-object-builder-api-v1, fabric-particles-v1, fabric-recipe-api-v1, fabric-registry-sync-v0, fabric-renderer-api-v1, fabric-renderer-indigo, fabric-renderer-registries-v1, fabric-rendering-data-attachment-v1, fabric-rendering-fluids-v1, fabric-rendering-v0, fabric-rendering-v1, fabric-resource-conditions-api-v1, fabric-resource-loader-v0, fabric-screen-api-v1, fabric-screen-handler-api-v1, fabric-sound-api-v1, fabric-transfer-api-v1, fabric-transitive-access-wideners-v1, fabricloader, inventory, modmenu, file/FrostbyteGames.zip
[12:38:43] [Worker-Main-1/INFO] (Minecraft) Found unifont_all_no_pua-15.1.04.hex, loading
[12:38:43] [Worker-Main-6/INFO] (Minecraft) Found unifont_jp_patch-15.1.04.hex, loading
[12:38:46] [Render thread/WARN] (Minecraft) Skipped language file: minecraft:lang/en_us.json (com.google.gson.JsonSyntaxException: com.google.gson.stream.MalformedJsonException: Unterminated object at line 81 column 39 path $.container.slabsandstairs.sawmill)
[12:38:46] [Render thread/WARN] (Minecraft) Missing sound for event: minecraft:item.goat_horn.play
[12:38:46] [Render thread/WARN] (Minecraft) Missing sound for event: minecraft:entity.goat.screaming.horn_break
[12:38:47] [Render thread/INFO] (Minecraft) OpenAL initialized on device OpenAL Soft on Headphones (Srithan’s AirPods Pro)
[12:38:47] [Render thread/INFO] (Minecraft) Sound engine started
[12:38:47] [Render thread/INFO] (Minecraft) Created: 1024x512x4 minecraft:textures/atlas/blocks.png-atlas
[12:38:47] [Render thread/INFO] (Minecraft) Created: 256x256x4 minecraft:textures/atlas/signs.png-atlas
[12:38:47] [Render thread/INFO] (Minecraft) Created: 512x512x4 minecraft:textures/atlas/banner_patterns.png-atlas
[12:38:47] [Render thread/INFO] (Minecraft) Created: 1024x1024x4 minecraft:textures/atlas/shield_patterns.png-atlas
[12:38:47] [Render thread/INFO] (Minecraft) Created: 1024x1024x4 minecraft:textures/atlas/armor_trims.png-atlas
[12:38:47] [Render thread/INFO] (Minecraft) Created: 256x256x4 minecraft:textures/atlas/chest.png-atlas
[12:38:47] [Render thread/INFO] (Minecraft) Created: 128x64x4 minecraft:textures/atlas/decorated_pot.png-atlas
[12:38:47] [Render thread/INFO] (Minecraft) Created: 512x256x4 minecraft:textures/atlas/beds.png-atlas
[12:38:47] [Render thread/INFO] (Minecraft) Created: 512x256x4 minecraft:textures/atlas/shulker_boxes.png-atlas
[12:38:47] [Render thread/INFO] (Minecraft) Created: 512x256x0 minecraft:textures/atlas/particles.png-atlas
[12:38:47] [Render thread/INFO] (Minecraft) Created: 256x256x0 minecraft:textures/atlas/paintings.png-atlas
[12:38:47] [Render thread/INFO] (Minecraft) Created: 256x128x0 minecraft:textures/atlas/mob_effects.png-atlas
[12:38:47] [Render thread/INFO] (Minecraft) Created: 64x64x0 minecraft:textures/atlas/map_decorations.png-atlas
[12:38:47] [Render thread/INFO] (Minecraft) Created: 1024x512x0 minecraft:textures/atlas/gui.png-atlas
[12:38:47] [Render thread/WARN] (Minecraft) Shader rendertype_entity_translucent_emissive could not find sampler named Sampler2 in the specified shader program.
[12:38:58] [Render thread/INFO] (Minecraft) Loaded 1175 recipes
[12:38:59] [Render thread/INFO] (Minecraft) Loaded 1276 advancements
[12:38:59] [Render thread/INFO] (BiomeModificationImpl) Applied 0 biome modifications to 0 of 64 new biomes in 2.666 ms
[12:38:59] [Server thread/INFO] (Minecraft) Starting integrated minecraft server version 1.20.6
[12:38:59] [Server thread/INFO] (Minecraft) Generating keypair
[12:39:01] [Server thread/INFO] (Minecraft) Preparing start region for dimension minecraft:overworld
[12:39:04] [Render thread/INFO] (Minecraft) Preparing spawn area: 0%
[12:39:04] [Render thread/INFO] (Minecraft) Preparing spawn area: 0%
[12:39:04] [Render thread/INFO] (Minecraft) Preparing spawn area: 0%
[12:39:04] [Render thread/INFO] (Minecraft) Preparing spawn area: 0%
[12:39:04] [Render thread/INFO] (Minecraft) Preparing spawn area: 0%
[12:39:04] [Render thread/INFO] (Minecraft) Preparing spawn area: 0%
[12:39:04] [Render thread/INFO] (Minecraft) Preparing spawn area: 59%
[12:39:04] [Render thread/INFO] (Minecraft) Time elapsed: 3140 ms
[12:39:05] [Server thread/INFO] (Minecraft) Changing view distance to 12, from 10
[12:39:05] [Server thread/INFO] (Minecraft) Changing simulation distance to 12, from 0
[12:39:07] [Server thread/INFO] (Minecraft) Player353[local:E:af3f12f9] logged in with entity id 20 at (18.2217370618807, 68.61249997615815, 32.316650390625)
[12:39:07] [Server thread/INFO] (Minecraft) Player353 joined the game
[12:39:08] [Render thread/INFO] (Minecraft) Loaded 4 advancements
[12:40:13] [Server thread/INFO] (Minecraft) [Player353: Killed Mule]
[12:40:13] [Render thread/INFO] (Minecraft) [System] [CHAT] Killed Mule
[12:40:23] [Server thread/INFO] (Minecraft) Saving and pausing game...
[12:40:23] [Server thread/INFO] (Minecraft) Saving chunks for level 'ServerLevel[[Test] Improved Inventory]'/minecraft:overworld
[12:40:23] [Server thread/INFO] (Minecraft) Saving chunks for level 'ServerLevel[[Test] Improved Inventory]'/minecraft:the_nether
[12:40:23] [Server thread/INFO] (Minecraft) Saving chunks for level 'ServerLevel[[Test] Improved Inventory]'/minecraft:the_end
[12:40:24] [Server thread/INFO] (Minecraft) Player353 lost connection: Disconnected
[12:40:24] [Server thread/INFO] (Minecraft) Player353 left the game
[12:40:24] [Server thread/INFO] (Minecraft) Stopping singleplayer server as player logged out
[12:40:24] [Server thread/INFO] (Minecraft) Stopping server
[12:40:24] [Server thread/INFO] (Minecraft) Saving players
[12:40:24] [Server thread/INFO] (Minecraft) Saving worlds
[12:40:25] [Server thread/INFO] (Minecraft) Saving chunks for level 'ServerLevel[[Test] Improved Inventory]'/minecraft:overworld
[12:40:26] [Server thread/INFO] (Minecraft) Saving chunks for level 'ServerLevel[[Test] Improved Inventory]'/minecraft:the_nether
[12:40:26] [Server thread/INFO] (Minecraft) Saving chunks for level 'ServerLevel[[Test] Improved Inventory]'/minecraft:the_end
[12:40:26] [Server thread/INFO] (Minecraft) ThreadedAnvilChunkStorage ([Test] Improved Inventory): All chunks are saved
[12:40:26] [Server thread/INFO] (Minecraft) ThreadedAnvilChunkStorage (DIM-1): All chunks are saved
[12:40:26] [Server thread/INFO] (Minecraft) ThreadedAnvilChunkStorage (DIM1): All chunks are saved
[12:40:26] [Server thread/INFO] (Minecraft) ThreadedAnvilChunkStorage: All dimensions are saved
[12:40:30] [Render thread/INFO] (Minecraft) Stopping!
